<?xml version="1.0" encoding="UTF-8"?>
<!-- Generated by org.testng.reporters.JUnitReportReporter -->
<testsuite hostname="DESKTOP-MDCBIOJ" failures="0" tests="1" name="com.Saucedemo.login.login" time="7.017" errors="0" timestamp="21 Aug 2024 07:29:55 GMT">
  <testcase classname="com.Saucedemo.login.login" name="login" time="7.017"/>
</testsuite> <!-- com.Saucedemo.login.login -->
