<?xml version="1.0" encoding="UTF-8"?>
<!-- Generated by org.testng.reporters.JUnitReportReporter -->
<testsuite hostname="DESKTOP-MDCBIOJ" failures="0" tests="1" name="com.Saucedemo.checkout.checkout" time="33.341" errors="0" timestamp="21 Aug 2024 07:29:55 GMT">
  <testcase classname="com.Saucedemo.checkout.checkout" name="chechout" time="33.341"/>
</testsuite> <!-- com.Saucedemo.checkout.checkout -->
